1665718628081	geckodriver	INFO	Listening on 127.0.0.1:55673
1665718628507	mozrunner::runner	INFO	Running command: "/snap/firefox/current/firefox.launcher" "--marionette" "--remote-debugging-port" "42111" "--remote-allow-hosts" "localhost" "-no-remote" "-profile" "/tmp/rust_mozprofileXgzKII"
Gtk-Message: 11:37:08.580: Failed to load module "canberra-gtk-module"
Gtk-Message: 11:37:08.581: Failed to load module "canberra-gtk-module"
[GFX1-]: glxtest: VA-API test failed: failed to initialise VAAPI connection.
ATTENTION: default value of option mesa_glthread overridden by environment.
1665718629072	Marionette	INFO	Marionette enabled
1665718629077	Marionette	INFO	Listening on port 39699
Read port: 39699
WebDriver BiDi listening on ws://127.0.0.1:42111
1665718629212	RemoteAgent	WARN	TLS certificate errors will be ignored for this session
console.warn: SearchSettings: "get: No settings file exists, new profile?" (new NotFoundError("Could not open the file at /tmp/rust_mozprofileXgzKII/search.json.mozlz4", (void 0)))
Missing chrome or resource URL: resource://gre/modules/UpdateListener.sys.mjs
DevTools listening on ws://127.0.0.1:42111/devtools/browser/a21f215d-0c78-4027-b1f4-52b7a445e385
Missing chrome or resource URL: resource://gre/modules/UpdateListener.sys.mjs
console.error: "Error during quit-application-granted: [Exception... \"File error: Not found\"  nsresult: \"0x80520012 (NS_ERROR_FILE_NOT_FOUND)\"  location: \"JS frame :: resource:///modules/BrowserGlue.jsm :: _onQuitApplicationGranted/tasks< :: line 2009\"  data: no]"
1665718705667	Marionette	INFO	Stopped listening on port 39699
console.warn: TopSitesFeed: Failed to fetch data from Contile server: NetworkError when attempting to fetch resource.
1665718708983	geckodriver	INFO	Listening on 127.0.0.1:38259
1665718709392	mozrunner::runner	INFO	Running command: "/snap/firefox/current/firefox.launcher" "--marionette" "--remote-debugging-port" "51901" "--remote-allow-hosts" "localhost" "-no-remote" "-profile" "/tmp/rust_mozprofileMlgrBk"
Gtk-Message: 11:38:29.468: Failed to load module "canberra-gtk-module"
Gtk-Message: 11:38:29.469: Failed to load module "canberra-gtk-module"
[GFX1-]: glxtest: VA-API test failed: failed to initialise VAAPI connection.
ATTENTION: default value of option mesa_glthread overridden by environment.
1665718709971	Marionette	INFO	Marionette enabled
1665718709974	Marionette	INFO	Listening on port 40857
Read port: 40857
WebDriver BiDi listening on ws://127.0.0.1:51901
1665718710102	RemoteAgent	WARN	TLS certificate errors will be ignored for this session
console.warn: SearchSettings: "get: No settings file exists, new profile?" (new NotFoundError("Could not open the file at /tmp/rust_mozprofileMlgrBk/search.json.mozlz4", (void 0)))
Missing chrome or resource URL: resource://gre/modules/UpdateListener.sys.mjs
DevTools listening on ws://127.0.0.1:51901/devtools/browser/34428dff-5900-461b-946a-02e8f510cc5e
Missing chrome or resource URL: resource://gre/modules/UpdateListener.sys.mjs
console.error: "Error during quit-application-granted: [Exception... \"File error: Not found\"  nsresult: \"0x80520012 (NS_ERROR_FILE_NOT_FOUND)\"  location: \"JS frame :: resource:///modules/BrowserGlue.jsm :: _onQuitApplicationGranted/tasks< :: line 2009\"  data: no]"
1665718743071	Marionette	INFO	Stopped listening on port 40857
console.warn: TopSitesFeed: Failed to fetch data from Contile server: NetworkError when attempting to fetch resource.
1665718759557	geckodriver	INFO	Listening on 127.0.0.1:41645
1665718760003	mozrunner::runner	INFO	Running command: "/snap/firefox/current/firefox.launcher" "--marionette" "--remote-debugging-port" "58293" "--remote-allow-hosts" "localhost" "-no-remote" "-profile" "/tmp/rust_mozprofileuSA1uy"
Gtk-Message: 11:39:20.082: Failed to load module "canberra-gtk-module"
Gtk-Message: 11:39:20.084: Failed to load module "canberra-gtk-module"
[GFX1-]: glxtest: VA-API test failed: failed to initialise VAAPI connection.
ATTENTION: default value of option mesa_glthread overridden by environment.
1665718760633	Marionette	INFO	Marionette enabled
1665718760637	Marionette	INFO	Listening on port 42487
Read port: 42487
WebDriver BiDi listening on ws://127.0.0.1:58293
1665718760789	RemoteAgent	WARN	TLS certificate errors will be ignored for this session
console.warn: SearchSettings: "get: No settings file exists, new profile?" (new NotFoundError("Could not open the file at /tmp/rust_mozprofileuSA1uy/search.json.mozlz4", (void 0)))
Missing chrome or resource URL: resource://gre/modules/UpdateListener.sys.mjs
DevTools listening on ws://127.0.0.1:58293/devtools/browser/01c033a6-9bcc-4e7e-88d2-2fb1619280a9
1665974066836	addons.xpi	ERROR	System addon update list error Error: Failed downloading XML, status: 0, reason: error
Missing chrome or resource URL: resource://gre/modules/UpdateListener.sys.mjs
console.error: "Error during quit-application-granted: [Exception... \"File error: Not found\"  nsresult: \"0x80520012 (NS_ERROR_FILE_NOT_FOUND)\"  location: \"JS frame :: resource:///modules/BrowserGlue.jsm :: _onQuitApplicationGranted/tasks< :: line 2009\"  data: no]"
1665976176839	Marionette	INFO	Stopped listening on port 42487
console.warn: TopSitesFeed: Failed to fetch data from Contile server: NetworkError when attempting to fetch resource.
1665976181882	geckodriver	INFO	Listening on 127.0.0.1:50935
1665976182173	mozrunner::runner	INFO	Running command: "/snap/firefox/current/firefox.launcher" "--marionette" "--remote-debugging-port" "49877" "--remote-allow-hosts" "localhost" "-no-remote" "-profile" "/tmp/rust_mozprofileNOdFOQ"
Gtk-Message: 11:09:42.495: Failed to load module "canberra-gtk-module"
Gtk-Message: 11:09:42.500: Failed to load module "canberra-gtk-module"
[GFX1-]: glxtest: VA-API test failed: failed to initialise VAAPI connection.
ATTENTION: default value of option mesa_glthread overridden by environment.
1665976183426	Marionette	INFO	Marionette enabled
1665976183431	Marionette	INFO	Listening on port 33123
Read port: 33123
WebDriver BiDi listening on ws://127.0.0.1:49877
1665976183611	RemoteAgent	WARN	TLS certificate errors will be ignored for this session
console.warn: SearchSettings: "get: No settings file exists, new profile?" (new NotFoundError("Could not open the file at /tmp/rust_mozprofileNOdFOQ/search.json.mozlz4", (void 0)))
Missing chrome or resource URL: resource://gre/modules/UpdateListener.sys.mjs
DevTools listening on ws://127.0.0.1:49877/devtools/browser/532254f8-0e8b-46e0-9761-f8d3ef04b133
Missing chrome or resource URL: resource://gre/modules/UpdateListener.sys.mjs
console.error: "Error during quit-application-granted: [Exception... \"File error: Not found\"  nsresult: \"0x80520012 (NS_ERROR_FILE_NOT_FOUND)\"  location: \"JS frame :: resource:///modules/BrowserGlue.jsm :: _onQuitApplicationGranted/tasks< :: line 2009\"  data: no]"
1665978741971	Marionette	INFO	Stopped listening on port 33123
console.warn: TopSitesFeed: Failed to fetch data from Contile server: NetworkError when attempting to fetch resource.
1665978763159	geckodriver	INFO	Listening on 127.0.0.1:34379
1665978763544	mozrunner::runner	INFO	Running command: "/snap/firefox/current/firefox.launcher" "--marionette" "--remote-debugging-port" "52133" "--remote-allow-hosts" "localhost" "-no-remote" "-profile" "/tmp/rust_mozprofilelqiukx"
Gtk-Message: 11:52:43.612: Failed to load module "canberra-gtk-module"
Gtk-Message: 11:52:43.613: Failed to load module "canberra-gtk-module"
[GFX1-]: glxtest: VA-API test failed: failed to initialise VAAPI connection.
ATTENTION: default value of option mesa_glthread overridden by environment.
1665978764122	Marionette	INFO	Marionette enabled
1665978764127	Marionette	INFO	Listening on port 41461
Read port: 41461
WebDriver BiDi listening on ws://127.0.0.1:52133
1665978764254	RemoteAgent	WARN	TLS certificate errors will be ignored for this session
console.warn: SearchSettings: "get: No settings file exists, new profile?" (new NotFoundError("Could not open the file at /tmp/rust_mozprofilelqiukx/search.json.mozlz4", (void 0)))
Missing chrome or resource URL: resource://gre/modules/UpdateListener.sys.mjs
DevTools listening on ws://127.0.0.1:52133/devtools/browser/c064719a-4676-4756-94fd-c34971069669
1665978766530	Marionette	INFO	Stopped listening on port 41461
Missing chrome or resource URL: resource://gre/modules/UpdateListener.sys.mjs
console.error: "Error during quit-application-granted: [Exception... \"File error: Not found\"  nsresult: \"0x80520012 (NS_ERROR_FILE_NOT_FOUND)\"  location: \"JS frame :: resource:///modules/BrowserGlue.jsm :: _onQuitApplicationGranted/tasks< :: line 2009\"  data: no]"
console.error: services.settings: 
  main/query-stripping Signature failed  TypeError: NetworkError: Network request failed
1665985630919	geckodriver	INFO	Listening on 127.0.0.1:52921
1665985631305	mozrunner::runner	INFO	Running command: "/snap/firefox/current/firefox.launcher" "--marionette" "--remote-debugging-port" "50899" "--remote-allow-hosts" "localhost" "-no-remote" "-profile" "/tmp/rust_mozprofileFIKm5G"
Gtk-Message: 13:47:11.379: Failed to load module "canberra-gtk-module"
Gtk-Message: 13:47:11.381: Failed to load module "canberra-gtk-module"
[GFX1-]: glxtest: VA-API test failed: failed to initialise VAAPI connection.
ATTENTION: default value of option mesa_glthread overridden by environment.
1665985632014	Marionette	INFO	Marionette enabled
1665985632018	Marionette	INFO	Listening on port 37881
Read port: 37881
WebDriver BiDi listening on ws://127.0.0.1:50899
1665985632173	RemoteAgent	WARN	TLS certificate errors will be ignored for this session
console.warn: SearchSettings: "get: No settings file exists, new profile?" (new NotFoundError("Could not open the file at /tmp/rust_mozprofileFIKm5G/search.json.mozlz4", (void 0)))
Missing chrome or resource URL: resource://gre/modules/UpdateListener.sys.mjs
DevTools listening on ws://127.0.0.1:50899/devtools/browser/271c18d8-9255-4d23-afa3-7b9f9bd592bf
1665985634330	Marionette	INFO	Stopped listening on port 37881
Missing chrome or resource URL: resource://gre/modules/UpdateListener.sys.mjs
console.error: "Error during quit-application-granted: [Exception... \"File error: Not found\"  nsresult: \"0x80520012 (NS_ERROR_FILE_NOT_FOUND)\"  location: \"JS frame :: resource:///modules/BrowserGlue.jsm :: _onQuitApplicationGranted/tasks< :: line 2009\"  data: no]"
console.error: services.settings: 
  main/query-stripping Signature failed  TypeError: NetworkError: Network request failed
1665985698770	geckodriver	INFO	Listening on 127.0.0.1:38169
1665985699185	mozrunner::runner	INFO	Running command: "/snap/firefox/current/firefox.launcher" "--marionette" "--remote-debugging-port" "58097" "--remote-allow-hosts" "localhost" "-no-remote" "-profile" "/tmp/rust_mozprofileIRosLC"
Gtk-Message: 13:48:19.259: Failed to load module "canberra-gtk-module"
Gtk-Message: 13:48:19.261: Failed to load module "canberra-gtk-module"
[GFX1-]: glxtest: VA-API test failed: failed to initialise VAAPI connection.
ATTENTION: default value of option mesa_glthread overridden by environment.
1665985699793	Marionette	INFO	Marionette enabled
1665985699797	Marionette	INFO	Listening on port 36837
WebDriver BiDi listening on ws://127.0.0.1:58097
Read port: 36837
1665985700009	RemoteAgent	WARN	TLS certificate errors will be ignored for this session
console.warn: SearchSettings: "get: No settings file exists, new profile?" (new NotFoundError("Could not open the file at /tmp/rust_mozprofileIRosLC/search.json.mozlz4", (void 0)))
Missing chrome or resource URL: resource://gre/modules/UpdateListener.sys.mjs
DevTools listening on ws://127.0.0.1:58097/devtools/browser/ca78316a-b3f2-489f-becb-a043312af053
1665985701716	Marionette	INFO	Stopped listening on port 36837
Missing chrome or resource URL: resource://gre/modules/UpdateListener.sys.mjs
console.error: "Error during quit-application-granted: [Exception... \"File error: Not found\"  nsresult: \"0x80520012 (NS_ERROR_FILE_NOT_FOUND)\"  location: \"JS frame :: resource:///modules/BrowserGlue.jsm :: _onQuitApplicationGranted/tasks< :: line 2009\"  data: no]"
console.warn: services.settings: main/query-stripping sync interrupted by shutdown
1665985753116	geckodriver	INFO	Listening on 127.0.0.1:38789
1665985753537	mozrunner::runner	INFO	Running command: "/snap/firefox/current/firefox.launcher" "--marionette" "--remote-debugging-port" "48271" "--remote-allow-hosts" "localhost" "-no-remote" "-profile" "/tmp/rust_mozprofileSa6njt"
Gtk-Message: 13:49:13.609: Failed to load module "canberra-gtk-module"
Gtk-Message: 13:49:13.610: Failed to load module "canberra-gtk-module"
[GFX1-]: glxtest: VA-API test failed: failed to initialise VAAPI connection.
ATTENTION: default value of option mesa_glthread overridden by environment.
1665985754165	Marionette	INFO	Marionette enabled
1665985754170	Marionette	INFO	Listening on port 46715
Read port: 46715
WebDriver BiDi listening on ws://127.0.0.1:48271
1665985754330	RemoteAgent	WARN	TLS certificate errors will be ignored for this session
console.warn: SearchSettings: "get: No settings file exists, new profile?" (new NotFoundError("Could not open the file at /tmp/rust_mozprofileSa6njt/search.json.mozlz4", (void 0)))
Missing chrome or resource URL: resource://gre/modules/UpdateListener.sys.mjs
DevTools listening on ws://127.0.0.1:48271/devtools/browser/8279282c-de08-4afa-a469-63a52023f544
Missing chrome or resource URL: resource://gre/modules/UpdateListener.sys.mjs
console.error: "Error during quit-application-granted: [Exception... \"File error: Not found\"  nsresult: \"0x80520012 (NS_ERROR_FILE_NOT_FOUND)\"  location: \"JS frame :: resource:///modules/BrowserGlue.jsm :: _onQuitApplicationGranted/tasks< :: line 2009\"  data: no]"
1665986107093	Marionette	INFO	Stopped listening on port 46715
console.warn: TopSitesFeed: Failed to fetch data from Contile server: NetworkError when attempting to fetch resource.
1665986111085	geckodriver	INFO	Listening on 127.0.0.1:53587
1665986111501	mozrunner::runner	INFO	Running command: "/snap/firefox/current/firefox.launcher" "--marionette" "--remote-debugging-port" "47831" "--remote-allow-hosts" "localhost" "-no-remote" "-profile" "/tmp/rust_mozprofile6GW7Sc"
Gtk-Message: 13:55:11.570: Failed to load module "canberra-gtk-module"
Gtk-Message: 13:55:11.571: Failed to load module "canberra-gtk-module"
[GFX1-]: glxtest: VA-API test failed: failed to initialise VAAPI connection.
ATTENTION: default value of option mesa_glthread overridden by environment.
1665986112093	Marionette	INFO	Marionette enabled
1665986112098	Marionette	INFO	Listening on port 36159
Read port: 36159
WebDriver BiDi listening on ws://127.0.0.1:47831
1665986112224	RemoteAgent	WARN	TLS certificate errors will be ignored for this session
console.warn: SearchSettings: "get: No settings file exists, new profile?" (new NotFoundError("Could not open the file at /tmp/rust_mozprofile6GW7Sc/search.json.mozlz4", (void 0)))
Missing chrome or resource URL: resource://gre/modules/UpdateListener.sys.mjs
DevTools listening on ws://127.0.0.1:47831/devtools/browser/a5923351-5caf-4e20-ae00-11d76eea7a71
Missing chrome or resource URL: resource://gre/modules/UpdateListener.sys.mjs
console.error: "Error during quit-application-granted: [Exception... \"File error: Not found\"  nsresult: \"0x80520012 (NS_ERROR_FILE_NOT_FOUND)\"  location: \"JS frame :: resource:///modules/BrowserGlue.jsm :: _onQuitApplicationGranted/tasks< :: line 2009\"  data: no]"
1665986216816	Marionette	INFO	Stopped listening on port 36159
console.warn: TopSitesFeed: Failed to fetch data from Contile server: NetworkError when attempting to fetch resource.
1665986241336	geckodriver	INFO	Listening on 127.0.0.1:43873
1665986241744	mozrunner::runner	INFO	Running command: "/snap/firefox/current/firefox.launcher" "--marionette" "--remote-debugging-port" "44403" "--remote-allow-hosts" "localhost" "-no-remote" "-profile" "/tmp/rust_mozprofilebJosWo"
Gtk-Message: 13:57:21.812: Failed to load module "canberra-gtk-module"
Gtk-Message: 13:57:21.813: Failed to load module "canberra-gtk-module"
[GFX1-]: glxtest: VA-API test failed: failed to initialise VAAPI connection.
ATTENTION: default value of option mesa_glthread overridden by environment.
1665986242351	Marionette	INFO	Marionette enabled
1665986242355	Marionette	INFO	Listening on port 35545
Read port: 35545
WebDriver BiDi listening on ws://127.0.0.1:44403
1665986242486	RemoteAgent	WARN	TLS certificate errors will be ignored for this session
console.warn: SearchSettings: "get: No settings file exists, new profile?" (new NotFoundError("Could not open the file at /tmp/rust_mozprofilebJosWo/search.json.mozlz4", (void 0)))
Missing chrome or resource URL: resource://gre/modules/UpdateListener.sys.mjs
DevTools listening on ws://127.0.0.1:44403/devtools/browser/0bfc755a-8914-47d6-a132-ac6220cd673f
1665986244451	Marionette	INFO	Stopped listening on port 35545
Missing chrome or resource URL: resource://gre/modules/UpdateListener.sys.mjs
console.error: "Error during quit-application-granted: [Exception... \"File error: Not found\"  nsresult: \"0x80520012 (NS_ERROR_FILE_NOT_FOUND)\"  location: \"JS frame :: resource:///modules/BrowserGlue.jsm :: _onQuitApplicationGranted/tasks< :: line 2009\"  data: no]"
console.error: services.settings: 
  main/query-stripping Signature failed  TypeError: NetworkError: Network request failed
1665986584057	geckodriver	INFO	Listening on 127.0.0.1:52283
1665986584455	mozrunner::runner	INFO	Running command: "/snap/firefox/current/firefox.launcher" "--marionette" "--remote-debugging-port" "53527" "--remote-allow-hosts" "localhost" "-no-remote" "-profile" "/tmp/rust_mozprofile4i4qXS"
Gtk-Message: 14:03:04.535: Failed to load module "canberra-gtk-module"
Gtk-Message: 14:03:04.536: Failed to load module "canberra-gtk-module"
[GFX1-]: glxtest: VA-API test failed: failed to initialise VAAPI connection.
ATTENTION: default value of option mesa_glthread overridden by environment.
1665986585080	Marionette	INFO	Marionette enabled
1665986585084	Marionette	INFO	Listening on port 46459
WebDriver BiDi listening on ws://127.0.0.1:53527
Read port: 46459
1665986585211	RemoteAgent	WARN	TLS certificate errors will be ignored for this session
console.warn: SearchSettings: "get: No settings file exists, new profile?" (new NotFoundError("Could not open the file at /tmp/rust_mozprofile4i4qXS/search.json.mozlz4", (void 0)))
Missing chrome or resource URL: resource://gre/modules/UpdateListener.sys.mjs
DevTools listening on ws://127.0.0.1:53527/devtools/browser/ee882ccb-88f9-4f51-b727-2ae7f5609c8b
Missing chrome or resource URL: resource://gre/modules/UpdateListener.sys.mjs
console.error: "Error during quit-application-granted: [Exception... \"File error: Not found\"  nsresult: \"0x80520012 (NS_ERROR_FILE_NOT_FOUND)\"  location: \"JS frame :: resource:///modules/BrowserGlue.jsm :: _onQuitApplicationGranted/tasks< :: line 2009\"  data: no]"
1665986609703	Marionette	INFO	Stopped listening on port 46459
console.warn: TopSitesFeed: Failed to fetch data from Contile server: NetworkError when attempting to fetch resource.
1665986641054	geckodriver	INFO	Listening on 127.0.0.1:41865
1665986641468	mozrunner::runner	INFO	Running command: "/snap/firefox/current/firefox.launcher" "--marionette" "--remote-debugging-port" "37739" "--remote-allow-hosts" "localhost" "-no-remote" "-profile" "/tmp/rust_mozprofileCJCd4O"
Gtk-Message: 14:04:01.542: Failed to load module "canberra-gtk-module"
Gtk-Message: 14:04:01.543: Failed to load module "canberra-gtk-module"
[GFX1-]: glxtest: VA-API test failed: failed to initialise VAAPI connection.
ATTENTION: default value of option mesa_glthread overridden by environment.
1665986642033	Marionette	INFO	Marionette enabled
1665986642037	Marionette	INFO	Listening on port 39651
Read port: 39651
WebDriver BiDi listening on ws://127.0.0.1:37739
1665986642147	RemoteAgent	WARN	TLS certificate errors will be ignored for this session
console.warn: SearchSettings: "get: No settings file exists, new profile?" (new NotFoundError("Could not open the file at /tmp/rust_mozprofileCJCd4O/search.json.mozlz4", (void 0)))
Missing chrome or resource URL: resource://gre/modules/UpdateListener.sys.mjs
DevTools listening on ws://127.0.0.1:37739/devtools/browser/e792b690-e280-4edb-8288-4e20cfe6ebdf
Missing chrome or resource URL: resource://gre/modules/UpdateListener.sys.mjs
console.error: "Error during quit-application-granted: [Exception... \"File error: Not found\"  nsresult: \"0x80520012 (NS_ERROR_FILE_NOT_FOUND)\"  location: \"JS frame :: resource:///modules/BrowserGlue.jsm :: _onQuitApplicationGranted/tasks< :: line 2009\"  data: no]"
1665986661322	Marionette	INFO	Stopped listening on port 39651
console.warn: TopSitesFeed: Failed to fetch data from Contile server: NetworkError when attempting to fetch resource.
1665986677748	geckodriver	INFO	Listening on 127.0.0.1:52383
1665986678137	mozrunner::runner	INFO	Running command: "/snap/firefox/current/firefox.launcher" "--marionette" "--remote-debugging-port" "46995" "--remote-allow-hosts" "localhost" "-no-remote" "-profile" "/tmp/rust_mozprofilektCBxc"
Gtk-Message: 14:04:38.208: Failed to load module "canberra-gtk-module"
Gtk-Message: 14:04:38.210: Failed to load module "canberra-gtk-module"
[GFX1-]: glxtest: VA-API test failed: failed to initialise VAAPI connection.
ATTENTION: default value of option mesa_glthread overridden by environment.
1665986678737	Marionette	INFO	Marionette enabled
1665986678741	Marionette	INFO	Listening on port 43201
Read port: 43201
WebDriver BiDi listening on ws://127.0.0.1:46995
1665986678855	RemoteAgent	WARN	TLS certificate errors will be ignored for this session
console.warn: SearchSettings: "get: No settings file exists, new profile?" (new NotFoundError("Could not open the file at /tmp/rust_mozprofilektCBxc/search.json.mozlz4", (void 0)))
Missing chrome or resource URL: resource://gre/modules/UpdateListener.sys.mjs
DevTools listening on ws://127.0.0.1:46995/devtools/browser/11a578bc-f233-4907-88fb-677fc23bab31
1665986680947	Marionette	INFO	Stopped listening on port 43201
Missing chrome or resource URL: resource://gre/modules/UpdateListener.sys.mjs
console.error: "Error during quit-application-granted: [Exception... \"File error: Not found\"  nsresult: \"0x80520012 (NS_ERROR_FILE_NOT_FOUND)\"  location: \"JS frame :: resource:///modules/BrowserGlue.jsm :: _onQuitApplicationGranted/tasks< :: line 2009\"  data: no]"
console.error: services.settings: 
  main/query-stripping Signature failed  TypeError: NetworkError: Network request failed
1665993210748	geckodriver	INFO	Listening on 127.0.0.1:38221
1665993211058	mozrunner::runner	INFO	Running command: "/snap/firefox/current/firefox.launcher" "--marionette" "--remote-debugging-port" "37631" "--remote-allow-hosts" "localhost" "-no-remote" "-profile" "/tmp/rust_mozprofile66L2Xq"
Gtk-Message: 15:53:31.431: Failed to load module "canberra-gtk-module"
Gtk-Message: 15:53:31.436: Failed to load module "canberra-gtk-module"
[GFX1-]: glxtest: VA-API test failed: failed to initialise VAAPI connection.
ATTENTION: default value of option mesa_glthread overridden by environment.
1665993212436	Marionette	INFO	Marionette enabled
1665993212455	Marionette	INFO	Listening on port 39567
Read port: 39567
WebDriver BiDi listening on ws://127.0.0.1:37631
1665993212733	RemoteAgent	WARN	TLS certificate errors will be ignored for this session
console.warn: SearchSettings: "get: No settings file exists, new profile?" (new NotFoundError("Could not open the file at /tmp/rust_mozprofile66L2Xq/search.json.mozlz4", (void 0)))
Missing chrome or resource URL: resource://gre/modules/UpdateListener.sys.mjs
DevTools listening on ws://127.0.0.1:37631/devtools/browser/c760ce46-a358-470c-b5ae-ded1ba402c0a
1665993216917	Marionette	INFO	Stopped listening on port 39567
Missing chrome or resource URL: resource://gre/modules/UpdateListener.sys.mjs
console.error: "Error during quit-application-granted: [Exception... \"File error: Not found\"  nsresult: \"0x80520012 (NS_ERROR_FILE_NOT_FOUND)\"  location: \"JS frame :: resource:///modules/BrowserGlue.jsm :: _onQuitApplicationGranted/tasks< :: line 2009\"  data: no]"
console.error: services.settings: 
  main/query-stripping Signature failed  TypeError: NetworkError: Network request failed
1665994507368	geckodriver	INFO	Listening on 127.0.0.1:47603
1665994507814	mozrunner::runner	INFO	Running command: "/snap/firefox/current/firefox.launcher" "--marionette" "--remote-debugging-port" "39313" "--remote-allow-hosts" "localhost" "-no-remote" "-profile" "/tmp/rust_mozprofileyeeqwi"
Gtk-Message: 16:15:07.896: Failed to load module "canberra-gtk-module"
Gtk-Message: 16:15:07.898: Failed to load module "canberra-gtk-module"
[GFX1-]: glxtest: VA-API test failed: failed to initialise VAAPI connection.
ATTENTION: default value of option mesa_glthread overridden by environment.
1665994508482	Marionette	INFO	Marionette enabled
1665994508486	Marionette	INFO	Listening on port 42583
Read port: 42583
WebDriver BiDi listening on ws://127.0.0.1:39313
1665994508641	RemoteAgent	WARN	TLS certificate errors will be ignored for this session
console.warn: SearchSettings: "get: No settings file exists, new profile?" (new NotFoundError("Could not open the file at /tmp/rust_mozprofileyeeqwi/search.json.mozlz4", (void 0)))
Missing chrome or resource URL: resource://gre/modules/UpdateListener.sys.mjs
DevTools listening on ws://127.0.0.1:39313/devtools/browser/f053dfea-f24c-4ff5-9888-221e9770ce2d
Missing chrome or resource URL: resource://gre/modules/UpdateListener.sys.mjs
console.error: "Error during quit-application-granted: [Exception... \"File error: Not found\"  nsresult: \"0x80520012 (NS_ERROR_FILE_NOT_FOUND)\"  location: \"JS frame :: resource:///modules/BrowserGlue.jsm :: _onQuitApplicationGranted/tasks< :: line 2009\"  data: no]"
1665994519305	Marionette	INFO	Stopped listening on port 42583
console.warn: TopSitesFeed: Failed to fetch data from Contile server: NetworkError when attempting to fetch resource.
1666059514132	geckodriver	INFO	Listening on 127.0.0.1:49415
1666059514524	mozrunner::runner	INFO	Running command: "/snap/firefox/current/firefox.launcher" "--marionette" "--remote-debugging-port" "38055" "--remote-allow-hosts" "localhost" "-no-remote" "-profile" "/tmp/rust_mozprofileYpLJB4"
Gtk-Message: 10:18:34.635: Failed to load module "canberra-gtk-module"
Gtk-Message: 10:18:34.638: Failed to load module "canberra-gtk-module"
[GFX1-]: glxtest: VA-API test failed: failed to initialise VAAPI connection.
ATTENTION: default value of option mesa_glthread overridden by environment.
1666059515231	Marionette	INFO	Marionette enabled
1666059515235	Marionette	INFO	Listening on port 44983
WebDriver BiDi listening on ws://127.0.0.1:38055
Read port: 44983
1666059515466	RemoteAgent	WARN	TLS certificate errors will be ignored for this session
console.warn: SearchSettings: "get: No settings file exists, new profile?" (new NotFoundError("Could not open the file at /tmp/rust_mozprofileYpLJB4/search.json.mozlz4", (void 0)))
Missing chrome or resource URL: resource://gre/modules/UpdateListener.sys.mjs
DevTools listening on ws://127.0.0.1:38055/devtools/browser/37e2a638-3ead-4140-82fb-d4848b80e076
Missing chrome or resource URL: resource://gre/modules/UpdateListener.sys.mjs
console.error: "Error during quit-application-granted: [Exception... \"File error: Not found\"  nsresult: \"0x80520012 (NS_ERROR_FILE_NOT_FOUND)\"  location: \"JS frame :: resource:///modules/BrowserGlue.jsm :: _onQuitApplicationGranted/tasks< :: line 2009\"  data: no]"
1666059534434	Marionette	INFO	Stopped listening on port 44983
console.warn: TopSitesFeed: Failed to fetch data from Contile server: NetworkError when attempting to fetch resource.
1666063309327	geckodriver	INFO	Listening on 127.0.0.1:59559
1666063309696	mozrunner::runner	INFO	Running command: "/snap/firefox/current/firefox.launcher" "--marionette" "--remote-debugging-port" "44925" "--remote-allow-hosts" "localhost" "-no-remote" "-profile" "/tmp/rust_mozprofileT55qtm"
Gtk-Message: 11:21:49.780: Failed to load module "canberra-gtk-module"
Gtk-Message: 11:21:49.782: Failed to load module "canberra-gtk-module"
[GFX1-]: glxtest: VA-API test failed: failed to initialise VAAPI connection.
ATTENTION: default value of option mesa_glthread overridden by environment.
1666063310397	Marionette	INFO	Marionette enabled
1666063310401	Marionette	INFO	Listening on port 41795
WebDriver BiDi listening on ws://127.0.0.1:44925
Read port: 41795
1666063310639	RemoteAgent	WARN	TLS certificate errors will be ignored for this session
console.warn: SearchSettings: "get: No settings file exists, new profile?" (new NotFoundError("Could not open the file at /tmp/rust_mozprofileT55qtm/search.json.mozlz4", (void 0)))
Missing chrome or resource URL: resource://gre/modules/UpdateListener.sys.mjs
DevTools listening on ws://127.0.0.1:44925/devtools/browser/bd5fdb76-576e-436f-b388-e6b44b6abd9f
Missing chrome or resource URL: resource://gre/modules/UpdateListener.sys.mjs
console.error: "Error during quit-application-granted: [Exception... \"File error: Not found\"  nsresult: \"0x80520012 (NS_ERROR_FILE_NOT_FOUND)\"  location: \"JS frame :: resource:///modules/BrowserGlue.jsm :: _onQuitApplicationGranted/tasks< :: line 2009\"  data: no]"
1666063317667	Marionette	INFO	Stopped listening on port 41795
console.warn: TopSitesFeed: Failed to fetch data from Contile server: NetworkError when attempting to fetch resource.
1666063635045	geckodriver	INFO	Listening on 127.0.0.1:34737
1666063635473	mozrunner::runner	INFO	Running command: "/snap/firefox/current/firefox.launcher" "--marionette" "--remote-debugging-port" "56503" "--remote-allow-hosts" "localhost" "-no-remote" "-profile" "/tmp/rust_mozprofiledyPYxq"
Gtk-Message: 11:27:15.556: Failed to load module "canberra-gtk-module"
Gtk-Message: 11:27:15.558: Failed to load module "canberra-gtk-module"
[GFX1-]: glxtest: VA-API test failed: failed to initialise VAAPI connection.
ATTENTION: default value of option mesa_glthread overridden by environment.
1666063636096	Marionette	INFO	Marionette enabled
1666063636100	Marionette	INFO	Listening on port 44721
Read port: 44721
WebDriver BiDi listening on ws://127.0.0.1:56503
1666063636250	RemoteAgent	WARN	TLS certificate errors will be ignored for this session
console.warn: SearchSettings: "get: No settings file exists, new profile?" (new NotFoundError("Could not open the file at /tmp/rust_mozprofiledyPYxq/search.json.mozlz4", (void 0)))
Missing chrome or resource URL: resource://gre/modules/UpdateListener.sys.mjs
DevTools listening on ws://127.0.0.1:56503/devtools/browser/c764af51-d069-461b-9751-0f11565421fd
Missing chrome or resource URL: resource://gre/modules/UpdateListener.sys.mjs
console.error: "Error during quit-application-granted: [Exception... \"File error: Not found\"  nsresult: \"0x80520012 (NS_ERROR_FILE_NOT_FOUND)\"  location: \"JS frame :: resource:///modules/BrowserGlue.jsm :: _onQuitApplicationGranted/tasks< :: line 2009\"  data: no]"
1666063646612	Marionette	INFO	Stopped listening on port 44721
console.warn: TopSitesFeed: Failed to fetch data from Contile server: NetworkError when attempting to fetch resource.
1666065081551	geckodriver	INFO	Listening on 127.0.0.1:38373
1666065081919	mozrunner::runner	INFO	Running command: "/snap/firefox/current/firefox.launcher" "--marionette" "--remote-debugging-port" "53911" "--remote-allow-hosts" "localhost" "-no-remote" "-profile" "/tmp/rust_mozprofileTJBpNO"
Gtk-Message: 11:51:22.010: Failed to load module "canberra-gtk-module"
Gtk-Message: 11:51:22.011: Failed to load module "canberra-gtk-module"
[GFX1-]: glxtest: VA-API test failed: failed to initialise VAAPI connection.
ATTENTION: default value of option mesa_glthread overridden by environment.
1666065082546	Marionette	INFO	Marionette enabled
1666065082549	Marionette	INFO	Listening on port 38947
Read port: 38947
WebDriver BiDi listening on ws://127.0.0.1:53911
1666065082715	RemoteAgent	WARN	TLS certificate errors will be ignored for this session
console.warn: SearchSettings: "get: No settings file exists, new profile?" (new NotFoundError("Could not open the file at /tmp/rust_mozprofileTJBpNO/search.json.mozlz4", (void 0)))
Missing chrome or resource URL: resource://gre/modules/UpdateListener.sys.mjs
DevTools listening on ws://127.0.0.1:53911/devtools/browser/7efd7c66-0c97-45da-993a-d6d3973a648e
Missing chrome or resource URL: resource://gre/modules/UpdateListener.sys.mjs
console.error: "Error during quit-application-granted: [Exception... \"File error: Not found\"  nsresult: \"0x80520012 (NS_ERROR_FILE_NOT_FOUND)\"  location: \"JS frame :: resource:///modules/BrowserGlue.jsm :: _onQuitApplicationGranted/tasks< :: line 2009\"  data: no]"
1666065093642	Marionette	INFO	Stopped listening on port 38947
console.warn: TopSitesFeed: Failed to fetch data from Contile server: NetworkError when attempting to fetch resource.
1666075464331	geckodriver	INFO	Listening on 127.0.0.1:58729
1666075464716	mozrunner::runner	INFO	Running command: "/snap/firefox/current/firefox.launcher" "--marionette" "--remote-debugging-port" "37753" "--remote-allow-hosts" "localhost" "-no-remote" "-profile" "/tmp/rust_mozprofileMkysPQ"
Gtk-Message: 14:44:24.822: Failed to load module "canberra-gtk-module"
Gtk-Message: 14:44:24.826: Failed to load module "canberra-gtk-module"
[GFX1-]: glxtest: VA-API test failed: failed to initialise VAAPI connection.
ATTENTION: default value of option mesa_glthread overridden by environment.
1666075465495	Marionette	INFO	Marionette enabled
1666075465500	Marionette	INFO	Listening on port 43683
Read port: 43683
WebDriver BiDi listening on ws://127.0.0.1:37753
1666075465636	RemoteAgent	WARN	TLS certificate errors will be ignored for this session
console.warn: SearchSettings: "get: No settings file exists, new profile?" (new NotFoundError("Could not open the file at /tmp/rust_mozprofileMkysPQ/search.json.mozlz4", (void 0)))
Missing chrome or resource URL: resource://gre/modules/UpdateListener.sys.mjs
DevTools listening on ws://127.0.0.1:37753/devtools/browser/382a44ac-a40c-40b4-b7d0-3ac52bc97a4a
1666075468967	Marionette	INFO	Stopped listening on port 43683
Missing chrome or resource URL: resource://gre/modules/UpdateListener.sys.mjs
console.error: "Error during quit-application-granted: [Exception... \"File error: Not found\"  nsresult: \"0x80520012 (NS_ERROR_FILE_NOT_FOUND)\"  location: \"JS frame :: resource:///modules/BrowserGlue.jsm :: _onQuitApplicationGranted/tasks< :: line 2009\"  data: no]"
console.error: services.settings: 
  main/query-stripping Signature failed  TypeError: NetworkError: Network request failed
1666076012717	geckodriver	INFO	Listening on 127.0.0.1:38463
1666076013081	mozrunner::runner	INFO	Running command: "/snap/firefox/current/firefox.launcher" "--marionette" "--remote-debugging-port" "50683" "--remote-allow-hosts" "localhost" "-no-remote" "-profile" "/tmp/rust_mozprofileQpQTyv"
Gtk-Message: 14:53:33.172: Failed to load module "canberra-gtk-module"
Gtk-Message: 14:53:33.174: Failed to load module "canberra-gtk-module"
[GFX1-]: glxtest: VA-API test failed: failed to initialise VAAPI connection.
ATTENTION: default value of option mesa_glthread overridden by environment.
1666076013796	Marionette	INFO	Marionette enabled
1666076013801	Marionette	INFO	Listening on port 36011
Read port: 36011
WebDriver BiDi listening on ws://127.0.0.1:50683
1666076014170	RemoteAgent	WARN	TLS certificate errors will be ignored for this session
console.warn: SearchSettings: "get: No settings file exists, new profile?" (new NotFoundError("Could not open the file at /tmp/rust_mozprofileQpQTyv/search.json.mozlz4", (void 0)))
Missing chrome or resource URL: resource://gre/modules/UpdateListener.sys.mjs
DevTools listening on ws://127.0.0.1:50683/devtools/browser/61f9bcbc-7b3f-4fd9-aef5-9f7c2e150964
1666076016533	Marionette	INFO	Stopped listening on port 36011
Missing chrome or resource URL: resource://gre/modules/UpdateListener.sys.mjs
console.error: "Error during quit-application-granted: [Exception... \"File error: Not found\"  nsresult: \"0x80520012 (NS_ERROR_FILE_NOT_FOUND)\"  location: \"JS frame :: resource:///modules/BrowserGlue.jsm :: _onQuitApplicationGranted/tasks< :: line 2009\"  data: no]"
console.error: services.settings: 
  main/query-stripping Signature failed  TypeError: NetworkError: Network request failed
1666076068509	geckodriver	INFO	Listening on 127.0.0.1:47813
1666076068902	mozrunner::runner	INFO	Running command: "/snap/firefox/current/firefox.launcher" "--marionette" "--remote-debugging-port" "51191" "--remote-allow-hosts" "localhost" "-no-remote" "-profile" "/tmp/rust_mozprofileA5KwSi"
Gtk-Message: 14:54:28.978: Failed to load module "canberra-gtk-module"
Gtk-Message: 14:54:28.980: Failed to load module "canberra-gtk-module"
[GFX1-]: glxtest: VA-API test failed: failed to initialise VAAPI connection.
ATTENTION: default value of option mesa_glthread overridden by environment.
1666076069576	Marionette	INFO	Marionette enabled
1666076069580	Marionette	INFO	Listening on port 46017
Read port: 46017
WebDriver BiDi listening on ws://127.0.0.1:51191
1666076069720	RemoteAgent	WARN	TLS certificate errors will be ignored for this session
console.warn: SearchSettings: "get: No settings file exists, new profile?" (new NotFoundError("Could not open the file at /tmp/rust_mozprofileA5KwSi/search.json.mozlz4", (void 0)))
Missing chrome or resource URL: resource://gre/modules/UpdateListener.sys.mjs
DevTools listening on ws://127.0.0.1:51191/devtools/browser/78a5aac2-79a7-47d6-ae1a-6b8b2b51217f
1666076071927	Marionette	INFO	Stopped listening on port 46017
Missing chrome or resource URL: resource://gre/modules/UpdateListener.sys.mjs
console.error: "Error during quit-application-granted: [Exception... \"File error: Not found\"  nsresult: \"0x80520012 (NS_ERROR_FILE_NOT_FOUND)\"  location: \"JS frame :: resource:///modules/BrowserGlue.jsm :: _onQuitApplicationGranted/tasks< :: line 2009\"  data: no]"
1666083509704	geckodriver	INFO	Listening on 127.0.0.1:34089
1666083510101	mozrunner::runner	INFO	Running command: "/snap/firefox/current/firefox.launcher" "--marionette" "--remote-debugging-port" "49727" "--remote-allow-hosts" "localhost" "-no-remote" "-profile" "/tmp/rust_mozprofilect8t5l"
Gtk-Message: 16:58:30.336: Failed to load module "canberra-gtk-module"
Gtk-Message: 16:58:30.337: Failed to load module "canberra-gtk-module"
[GFX1-]: glxtest: VA-API test failed: failed to initialise VAAPI connection.
ATTENTION: default value of option mesa_glthread overridden by environment.
1666083511448	Marionette	INFO	Marionette enabled
1666083511453	Marionette	INFO	Listening on port 40889
Read port: 40889
WebDriver BiDi listening on ws://127.0.0.1:49727
1666083511705	RemoteAgent	WARN	TLS certificate errors will be ignored for this session
console.warn: SearchSettings: "get: No settings file exists, new profile?" (new NotFoundError("Could not open the file at /tmp/rust_mozprofilect8t5l/search.json.mozlz4", (void 0)))
Missing chrome or resource URL: resource://gre/modules/UpdateListener.sys.mjs
DevTools listening on ws://127.0.0.1:49727/devtools/browser/b96f8b52-b2a1-4c1d-ad85-893f92fc5bbc
1666083515162	Marionette	INFO	Stopped listening on port 40889
Missing chrome or resource URL: resource://gre/modules/UpdateListener.sys.mjs
console.error: "Error during quit-application-granted: [Exception... \"File error: Not found\"  nsresult: \"0x80520012 (NS_ERROR_FILE_NOT_FOUND)\"  location: \"JS frame :: resource:///modules/BrowserGlue.jsm :: _onQuitApplicationGranted/tasks< :: line 2009\"  data: no]"
console.error: services.settings: 
  main/query-stripping Signature failed  TypeError: NetworkError: Network request failed
1666084060431	geckodriver	INFO	Listening on 127.0.0.1:44669
1666084060853	mozrunner::runner	INFO	Running command: "/snap/firefox/current/firefox.launcher" "--marionette" "--remote-debugging-port" "51357" "--remote-allow-hosts" "localhost" "-no-remote" "-profile" "/tmp/rust_mozprofile3HokIs"
Gtk-Message: 17:07:40.933: Failed to load module "canberra-gtk-module"
Gtk-Message: 17:07:40.934: Failed to load module "canberra-gtk-module"
[GFX1-]: glxtest: VA-API test failed: failed to initialise VAAPI connection.
ATTENTION: default value of option mesa_glthread overridden by environment.
1666084061481	Marionette	INFO	Marionette enabled
1666084061486	Marionette	INFO	Listening on port 45191
Read port: 45191
WebDriver BiDi listening on ws://127.0.0.1:51357
1666084061620	RemoteAgent	WARN	TLS certificate errors will be ignored for this session
console.warn: SearchSettings: "get: No settings file exists, new profile?" (new NotFoundError("Could not open the file at /tmp/rust_mozprofile3HokIs/search.json.mozlz4", (void 0)))
Missing chrome or resource URL: resource://gre/modules/UpdateListener.sys.mjs
DevTools listening on ws://127.0.0.1:51357/devtools/browser/fa2c825c-91c3-41b0-86f1-c4713ded7acd
1666084063597	Marionette	INFO	Stopped listening on port 45191
Missing chrome or resource URL: resource://gre/modules/UpdateListener.sys.mjs
console.error: "Error during quit-application-granted: [Exception... \"File error: Not found\"  nsresult: \"0x80520012 (NS_ERROR_FILE_NOT_FOUND)\"  location: \"JS frame :: resource:///modules/BrowserGlue.jsm :: _onQuitApplicationGranted/tasks< :: line 2009\"  data: no]"
console.error: services.settings: 
  main/query-stripping Signature failed  TypeError: NetworkError: Network request failed
1666084099056	geckodriver	INFO	Listening on 127.0.0.1:55803
1666084099463	mozrunner::runner	INFO	Running command: "/snap/firefox/current/firefox.launcher" "--marionette" "--remote-debugging-port" "41931" "--remote-allow-hosts" "localhost" "-no-remote" "-profile" "/tmp/rust_mozprofileJ77KfX"
Gtk-Message: 17:08:19.546: Failed to load module "canberra-gtk-module"
Gtk-Message: 17:08:19.548: Failed to load module "canberra-gtk-module"
[GFX1-]: glxtest: VA-API test failed: failed to initialise VAAPI connection.
ATTENTION: default value of option mesa_glthread overridden by environment.
1666084100050	Marionette	INFO	Marionette enabled
1666084100053	Marionette	INFO	Listening on port 45495
Read port: 45495
WebDriver BiDi listening on ws://127.0.0.1:41931
1666084100191	RemoteAgent	WARN	TLS certificate errors will be ignored for this session
console.warn: SearchSettings: "get: No settings file exists, new profile?" (new NotFoundError("Could not open the file at /tmp/rust_mozprofileJ77KfX/search.json.mozlz4", (void 0)))
Missing chrome or resource URL: resource://gre/modules/UpdateListener.sys.mjs
DevTools listening on ws://127.0.0.1:41931/devtools/browser/e43d25f3-a0a7-4c83-b2d9-ad4aae9f6745
1666084102171	Marionette	INFO	Stopped listening on port 45495
Missing chrome or resource URL: resource://gre/modules/UpdateListener.sys.mjs
console.error: "Error during quit-application-granted: [Exception... \"File error: Not found\"  nsresult: \"0x80520012 (NS_ERROR_FILE_NOT_FOUND)\"  location: \"JS frame :: resource:///modules/BrowserGlue.jsm :: _onQuitApplicationGranted/tasks< :: line 2009\"  data: no]"
console.warn: services.settings: main/query-stripping sync interrupted by shutdown
1666084460764	geckodriver	INFO	Listening on 127.0.0.1:58413
1666084461172	mozrunner::runner	INFO	Running command: "/snap/firefox/current/firefox.launcher" "--marionette" "--remote-debugging-port" "36525" "--remote-allow-hosts" "localhost" "-no-remote" "-profile" "/tmp/rust_mozprofile5RIWsg"
Gtk-Message: 17:14:21.241: Failed to load module "canberra-gtk-module"
Gtk-Message: 17:14:21.242: Failed to load module "canberra-gtk-module"
[GFX1-]: glxtest: VA-API test failed: failed to initialise VAAPI connection.
ATTENTION: default value of option mesa_glthread overridden by environment.
1666084461762	Marionette	INFO	Marionette enabled
1666084461766	Marionette	INFO	Listening on port 35591
Read port: 35591
WebDriver BiDi listening on ws://127.0.0.1:36525
1666084461896	RemoteAgent	WARN	TLS certificate errors will be ignored for this session
console.warn: SearchSettings: "get: No settings file exists, new profile?" (new NotFoundError("Could not open the file at /tmp/rust_mozprofile5RIWsg/search.json.mozlz4", (void 0)))
Missing chrome or resource URL: resource://gre/modules/UpdateListener.sys.mjs
DevTools listening on ws://127.0.0.1:36525/devtools/browser/1a8f7bb3-9203-429e-92eb-de220a00c693
1666084464144	Marionette	INFO	Stopped listening on port 35591
Missing chrome or resource URL: resource://gre/modules/UpdateListener.sys.mjs
console.error: "Error during quit-application-granted: [Exception... \"File error: Not found\"  nsresult: \"0x80520012 (NS_ERROR_FILE_NOT_FOUND)\"  location: \"JS frame :: resource:///modules/BrowserGlue.jsm :: _onQuitApplicationGranted/tasks< :: line 2009\"  data: no]"
console.error: services.settings: 
  main/query-stripping Signature failed  TypeError: NetworkError: Network request failed
